<?xml version="1.0" encoding="UTF-8"?>
<testng-results skipped="0" failed="0" total="1" passed="1">
  <reporter-output>
  </reporter-output>
  <suite name="Suite" duration-ms="19208" started-at="2019-08-27T07:53:40Z" finished-at="2019-08-27T07:53:59Z">
    <groups>
    </groups>
    <test name="Test" duration-ms="19208" started-at="2019-08-27T07:53:40Z" finished-at="2019-08-27T07:53:59Z">
      <class name="Demo">
        <test-method status="PASS" signature="testOne()[pri:0, instance:Demo@5419f379]" name="testOne" duration-ms="19171" started-at="2019-08-27T13:23:40Z" finished-at="2019-08-27T13:23:59Z">
          <reporter-output>
          </reporter-output>
        </test-method> <!-- testOne -->
      </class> <!-- Demo -->
    </test> <!-- Test -->
  </suite> <!-- Suite -->
</testng-results>
